Using pre-set license
Built from '2020.3/staging' branch; Version is '2020.3.3f1 (76626098c1c4) revision 7758432'; Using compiler version '192528614'; Build Type 'Release'
OS: 'Windows 10 Home; OS build 19041.867; Version 2004; 64bit' Language: 'it' Physical Memory: 16265 MB
BatchMode: 1, IsHumanControllingUs: 0, StartBugReporterOnCrash: 0, Is64bit: 1, IsPro: 0

 COMMAND LINE ARGUMENTS:
B:\UnityHub\2020.3.3f1\Editor\Unity.exe
-adb2
-batchMode
-noUpm
-name
AssetImportWorker0
-projectPath
A:/ProgettiUnityLezioni/PuzzleOnTheRun
-logFile
Logs/AssetImportWorker0.log
-srvPort
63529
Successfully changed project path to: A:/ProgettiUnityLezioni/PuzzleOnTheRun
A:/ProgettiUnityLezioni/PuzzleOnTheRun
Using Asset Import Pipeline V2.
Refreshing native plugins compatible for Editor in 15.53 ms, found 0 plugins.
Preloading 0 native plugins for Editor in 0.00 ms.
Initialize engine version: 2020.3.3f1 (76626098c1c4)
[Subsystems] Discovering subsystems at path B:/UnityHub/2020.3.3f1/Editor/Data/Resources/UnitySubsystems
[Subsystems] Discovering subsystems at path A:/ProgettiUnityLezioni/PuzzleOnTheRun/Assets
GfxDevice: creating device client; threaded=0
Direct3D:
    Version:  Direct3D 11.0 [level 11.1]
    Renderer: NVIDIA GeForce GTX 1060 3GB (ID=0x1c02)
    Vendor:   
    VRAM:     2988 MB
    Driver:   27.21.14.6192
Initialize mono
Mono path[0] = 'B:/UnityHub/2020.3.3f1/Editor/Data/Managed'
Mono path[1] = 'B:/UnityHub/2020.3.3f1/Editor/Data/MonoBleedingEdge/lib/mono/unityjit'
Mono config path = 'B:/UnityHub/2020.3.3f1/Editor/Data/MonoBleedingEdge/etc'
Using monoOptions --debugger-agent=transport=dt_socket,embedding=1,server=y,suspend=n,address=127.0.0.1:56984
Begin MonoManager ReloadAssembly
Registering precompiled unity dll's ...
Register platform support module: B:/UnityHub/2020.3.3f1/Editor/Data/PlaybackEngines/WindowsStandaloneSupport/UnityEditor.WindowsStandalone.Extensions.dll
Registered in 0.000652 seconds.
Native extension for WindowsStandalone target not found
Refreshing native plugins compatible for Editor in 15.54 ms, found 0 plugins.
Preloading 0 native plugins for Editor in 0.00 ms.
Invoked RoslynAnalysisRunner static constructor.
RoslynAnalysisRunner will not be running.
RoslynAnalysisRunner has terminated.
Mono: successfully reloaded assembly
- Completed reload, in  0.932 seconds
Platform modules already initialized, skipping
Registering precompiled user dll's ...
Registered in 0.000373 seconds.
Begin MonoManager ReloadAssembly
Native extension for WindowsStandalone target not found
Refreshing native plugins compatible for Editor in 0.22 ms, found 0 plugins.
Preloading 0 native plugins for Editor in 0.00 ms.
Invoked RoslynAnalysisRunner static constructor.
RoslynAnalysisRunner will not be running.
RoslynAnalysisRunner has terminated.
Mono: successfully reloaded assembly
- Completed reload, in  0.501 seconds
Platform modules already initialized, skipping
========================================================================
Worker process is ready to serve import requests
Launched and connected shader compiler UnityShaderCompiler.exe after 0.06 seconds
Refreshing native plugins compatible for Editor in 0.22 ms, found 0 plugins.
Preloading 0 native plugins for Editor in 0.00 ms.
Unloading 1114 Unused Serialized files (Serialized files now loaded: 0)
System memory in use before: 56.9 MB.
System memory in use after: 57.0 MB.

Unloading 9 unused Assets to reduce memory usage. Loaded Objects now: 1557.
Total: 2.276000 ms (FindLiveObjects: 0.122700 ms CreateObjectMapping: 0.033600 ms MarkObjects: 2.067300 ms  DeleteObjects: 0.051500 ms)

========================================================================
Received Import Request.
  path: Assets/Resources
  artifactKey: Guid(69db43bdd04daeb4c9dfc66b0d9cd517) Importer(815301076,1909f56bfc062723c751e8b465ee728b)
Start importing Assets/Resources using Guid(69db43bdd04daeb4c9dfc66b0d9cd517) Importer(815301076,1909f56bfc062723c751e8b465ee728b)  -> (artifact id: '3b20c135b53c45f4e4087b5b487bebdc') in 0.008263 seconds
  Import took 0.009689 seconds .

========================================================================
Received Import Request.
  Time since last request: 10.165325 seconds.
  path: Assets/Resources/2DAssets
  artifactKey: Guid(221adf76bd3e94e46a5796017004c1d6) Importer(815301076,1909f56bfc062723c751e8b465ee728b)
Start importing Assets/Resources/2DAssets using Guid(221adf76bd3e94e46a5796017004c1d6) Importer(815301076,1909f56bfc062723c751e8b465ee728b)  -> (artifact id: '02066cd613167dcce504dbe7795cbbea') in 0.005147 seconds
  Import took 0.006682 seconds .

========================================================================
Received Import Request.
  Time since last request: 11.430961 seconds.
  path: Assets/Resources/2DAssets/Background
  artifactKey: Guid(0b9653a4acf502b4a9ddc28d63c66765) Importer(815301076,1909f56bfc062723c751e8b465ee728b)
Start importing Assets/Resources/2DAssets/Background using Guid(0b9653a4acf502b4a9ddc28d63c66765) Importer(815301076,1909f56bfc062723c751e8b465ee728b)  -> (artifact id: '6270501b12881a948b4a156160367ee8') in 0.004974 seconds
  Import took 0.006648 seconds .

========================================================================
Received Import Request.
  Time since last request: 2.226027 seconds.
  path: Assets/Resources/2DAssets/Background/Gray.png
  artifactKey: Guid(b32dc0c290d1d034791b101ea8d17883) Importer(815301076,1909f56bfc062723c751e8b465ee728b)
Start importing Assets/Resources/2DAssets/Background/Gray.png using Guid(b32dc0c290d1d034791b101ea8d17883) Importer(815301076,1909f56bfc062723c751e8b465ee728b)  -> (artifact id: '06cfe51b0d0c9fa775799d05d8321ba1') in 0.085871 seconds
  Import took 0.087676 seconds .

========================================================================
Received Import Request.
  Time since last request: 1.090822 seconds.
  path: Assets/Resources/2DAssets/Background/Brown.png
  artifactKey: Guid(f7985e0de9ad0f746ab8639550163de7) Importer(815301076,1909f56bfc062723c751e8b465ee728b)
Start importing Assets/Resources/2DAssets/Background/Brown.png using Guid(f7985e0de9ad0f746ab8639550163de7) Importer(815301076,1909f56bfc062723c751e8b465ee728b)  -> (artifact id: '2e544f2ac37b06a49109f89f70ba26cd') in 0.008156 seconds
  Import took 0.009764 seconds .

========================================================================
Received Import Request.
  Time since last request: 0.762079 seconds.
  path: Assets/Resources/2DAssets/Background/Pink.png
  artifactKey: Guid(304f8921d1c6385498a12034a0ea0569) Importer(815301076,1909f56bfc062723c751e8b465ee728b)
Start importing Assets/Resources/2DAssets/Background/Pink.png using Guid(304f8921d1c6385498a12034a0ea0569) Importer(815301076,1909f56bfc062723c751e8b465ee728b)  -> (artifact id: '82a6492d17e13de3b8892c8a1985d512') in 0.007935 seconds
  Import took 0.009879 seconds .

========================================================================
Received Import Request.
  Time since last request: 1.750002 seconds.
  path: Assets/Resources/2DAssets/Background/Green.png
  artifactKey: Guid(785cdf743ecd615439602c5b511a1a69) Importer(815301076,1909f56bfc062723c751e8b465ee728b)
Start importing Assets/Resources/2DAssets/Background/Green.png using Guid(785cdf743ecd615439602c5b511a1a69) Importer(815301076,1909f56bfc062723c751e8b465ee728b)  -> (artifact id: 'a9a59886bb36418b42e72e198a4c827d') in 0.008324 seconds
  Import took 0.010012 seconds .

