Using pre-set license
Built from '2020.3/staging' branch; Version is '2020.3.3f1 (76626098c1c4) revision 7758432'; Using compiler version '192528614'; Build Type 'Release'
OS: 'Windows 10 Home; OS build 19041.867; Version 2004; 64bit' Language: 'it' Physical Memory: 16265 MB
BatchMode: 1, IsHumanControllingUs: 0, StartBugReporterOnCrash: 0, Is64bit: 1, IsPro: 0

 COMMAND LINE ARGUMENTS:
B:\UnityHub\2020.3.3f1\Editor\Unity.exe
-adb2
-batchMode
-noUpm
-name
AssetImportWorker2
-projectPath
A:/ProgettiUnityLezioni/PuzzleOnTheRun
-logFile
Logs/AssetImportWorker2.log
-srvPort
49947
Successfully changed project path to: A:/ProgettiUnityLezioni/PuzzleOnTheRun
A:/ProgettiUnityLezioni/PuzzleOnTheRun
Using Asset Import Pipeline V2.
Refreshing native plugins compatible for Editor in 24.53 ms, found 0 plugins.
Preloading 0 native plugins for Editor in 0.00 ms.
Initialize engine version: 2020.3.3f1 (76626098c1c4)
[Subsystems] Discovering subsystems at path B:/UnityHub/2020.3.3f1/Editor/Data/Resources/UnitySubsystems
[Subsystems] Discovering subsystems at path A:/ProgettiUnityLezioni/PuzzleOnTheRun/Assets
GfxDevice: creating device client; threaded=0
Direct3D:
    Version:  Direct3D 11.0 [level 11.1]
    Renderer: NVIDIA GeForce GTX 1060 3GB (ID=0x1c02)
    Vendor:   
    VRAM:     2988 MB
    Driver:   27.21.14.6192
Initialize mono
Mono path[0] = 'B:/UnityHub/2020.3.3f1/Editor/Data/Managed'
Mono path[1] = 'B:/UnityHub/2020.3.3f1/Editor/Data/MonoBleedingEdge/lib/mono/unityjit'
Mono config path = 'B:/UnityHub/2020.3.3f1/Editor/Data/MonoBleedingEdge/etc'
Using monoOptions --debugger-agent=transport=dt_socket,embedding=1,server=y,suspend=n,address=127.0.0.1:56316
Begin MonoManager ReloadAssembly
Registering precompiled unity dll's ...
Register platform support module: B:/UnityHub/2020.3.3f1/Editor/Data/PlaybackEngines/WindowsStandaloneSupport/UnityEditor.WindowsStandalone.Extensions.dll
Registered in 0.000689 seconds.
Native extension for WindowsStandalone target not found
Refreshing native plugins compatible for Editor in 25.88 ms, found 0 plugins.
Preloading 0 native plugins for Editor in 0.00 ms.
Invoked RoslynAnalysisRunner static constructor.
RoslynAnalysisRunner will not be running.
RoslynAnalysisRunner has terminated.
Mono: successfully reloaded assembly
- Completed reload, in  1.961 seconds
Platform modules already initialized, skipping
Registering precompiled user dll's ...
Registered in 0.000640 seconds.
Begin MonoManager ReloadAssembly
Native extension for WindowsStandalone target not found
Refreshing native plugins compatible for Editor in 0.33 ms, found 0 plugins.
Preloading 0 native plugins for Editor in 0.00 ms.
Invoked RoslynAnalysisRunner static constructor.
RoslynAnalysisRunner will not be running.
RoslynAnalysisRunner has terminated.
Mono: successfully reloaded assembly
- Completed reload, in  0.537 seconds
Platform modules already initialized, skipping
========================================================================
Worker process is ready to serve import requests
Launched and connected shader compiler UnityShaderCompiler.exe after 0.07 seconds
Refreshing native plugins compatible for Editor in 0.29 ms, found 0 plugins.
Preloading 0 native plugins for Editor in 0.00 ms.
Unloading 1248 Unused Serialized files (Serialized files now loaded: 0)
System memory in use before: 134.0 MB.
System memory in use after: 134.1 MB.

Unloading 13 unused Assets to reduce memory usage. Loaded Objects now: 1701.
Total: 1.521200 ms (FindLiveObjects: 0.110800 ms CreateObjectMapping: 0.024700 ms MarkObjects: 1.325200 ms  DeleteObjects: 0.059800 ms)

========================================================================
Received Import Request.
  path: Assets/Scripts/IKillableObj.cs
  artifactKey: Guid(6c81bcba6510be04f83571c42e52e012) Importer(815301076,1909f56bfc062723c751e8b465ee728b)
Start importing Assets/Scripts/IKillableObj.cs using Guid(6c81bcba6510be04f83571c42e52e012) Importer(815301076,1909f56bfc062723c751e8b465ee728b)  -> (artifact id: '68d517cd5b620b212faae83742627951') in 0.028932 seconds
  Import took 0.040978 seconds .

========================================================================
Received Prepare
Registering precompiled user dll's ...
Registered in 0.000394 seconds.
Begin MonoManager ReloadAssembly
Native extension for WindowsStandalone target not found
Refreshing native plugins compatible for Editor in 0.30 ms, found 0 plugins.
Preloading 0 native plugins for Editor in 0.00 ms.
Invoked RoslynAnalysisRunner static constructor.
RoslynAnalysisRunner will not be running.
RoslynAnalysisRunner has terminated.
Mono: successfully reloaded assembly
- Completed reload, in  0.506 seconds
Platform modules already initialized, skipping
Refreshing native plugins compatible for Editor in 0.29 ms, found 0 plugins.
Preloading 0 native plugins for Editor in 0.00 ms.
Unloading 1229 Unused Serialized files (Serialized files now loaded: 0)
System memory in use before: 132.6 MB.
System memory in use after: 132.7 MB.

Unloading 4 unused Assets to reduce memory usage. Loaded Objects now: 1704.
Total: 1.494900 ms (FindLiveObjects: 0.152900 ms CreateObjectMapping: 0.033300 ms MarkObjects: 1.295900 ms  DeleteObjects: 0.012100 ms)

========================================================================
Received Import Request.
  Time since last request: 151.533787 seconds.
  path: Assets/Scripts/IKillableObj.cs
  artifactKey: Guid(6c81bcba6510be04f83571c42e52e012) Importer(815301076,1909f56bfc062723c751e8b465ee728b)
Start importing Assets/Scripts/IKillableObj.cs using Guid(6c81bcba6510be04f83571c42e52e012) Importer(815301076,1909f56bfc062723c751e8b465ee728b)  -> (artifact id: '683fd87c7fbc06f17506cd896fd850a5') in 0.003565 seconds
  Import took 0.005160 seconds .

========================================================================
Received Import Request.
  Time since last request: 1676.445889 seconds.
  path: Assets/Scripts/Slot.cs
  artifactKey: Guid(0b606b725f391834e9af96c95c462503) Importer(815301076,1909f56bfc062723c751e8b465ee728b)
Start importing Assets/Scripts/Slot.cs using Guid(0b606b725f391834e9af96c95c462503) Importer(815301076,1909f56bfc062723c751e8b465ee728b)  -> (artifact id: '035c9c286d0083fed4d098d7d7b0cf78') in 0.005136 seconds
  Import took 0.025247 seconds .

========================================================================
Received Import Request.
  Time since last request: 0.001306 seconds.
  path: Assets/Scripts/Slot.cs
  artifactKey: Guid(0b606b725f391834e9af96c95c462503) Importer(815301076,1909f56bfc062723c751e8b465ee728b)
Start importing Assets/Scripts/Slot.cs using Guid(0b606b725f391834e9af96c95c462503) Importer(815301076,1909f56bfc062723c751e8b465ee728b)  -> (artifact id: '035c9c286d0083fed4d098d7d7b0cf78') in 0.001891 seconds
  Import took 0.030706 seconds .

========================================================================
Received Prepare
Registering precompiled user dll's ...
Registered in 0.000641 seconds.
Begin MonoManager ReloadAssembly
Native extension for WindowsStandalone target not found
Refreshing native plugins compatible for Editor in 0.29 ms, found 0 plugins.
Preloading 0 native plugins for Editor in 0.00 ms.
Invoked RoslynAnalysisRunner static constructor.
RoslynAnalysisRunner will not be running.
RoslynAnalysisRunner has terminated.
Mono: successfully reloaded assembly
- Completed reload, in  0.559 seconds
Platform modules already initialized, skipping
Refreshing native plugins compatible for Editor in 0.33 ms, found 0 plugins.
Preloading 0 native plugins for Editor in 0.00 ms.
Unloading 1228 Unused Serialized files (Serialized files now loaded: 0)
System memory in use before: 132.6 MB.
System memory in use after: 132.7 MB.

Unloading 5 unused Assets to reduce memory usage. Loaded Objects now: 1706.
Total: 2.940000 ms (FindLiveObjects: 0.185000 ms CreateObjectMapping: 0.046500 ms MarkObjects: 2.675400 ms  DeleteObjects: 0.032400 ms)

========================================================================
Received Import Request.
  Time since last request: 1004.514580 seconds.
  path: Assets/Scripts/IResetable.cs
  artifactKey: Guid(11b4b30a3b1e93a4fbd06449fa883612) Importer(815301076,1909f56bfc062723c751e8b465ee728b)
Start importing Assets/Scripts/IResetable.cs using Guid(11b4b30a3b1e93a4fbd06449fa883612) Importer(815301076,1909f56bfc062723c751e8b465ee728b)  -> (artifact id: '74abd6e93a78567a6a5bf0281787508b') in 0.008745 seconds
  Import took 0.049117 seconds .

========================================================================
Received Prepare
Registering precompiled user dll's ...
Registered in 0.000655 seconds.
Begin MonoManager ReloadAssembly
Native extension for WindowsStandalone target not found
Refreshing native plugins compatible for Editor in 0.31 ms, found 0 plugins.
Preloading 0 native plugins for Editor in 0.00 ms.
Invoked RoslynAnalysisRunner static constructor.
RoslynAnalysisRunner will not be running.
RoslynAnalysisRunner has terminated.
Mono: successfully reloaded assembly
- Completed reload, in  0.622 seconds
Platform modules already initialized, skipping
Refreshing native plugins compatible for Editor in 0.30 ms, found 0 plugins.
Preloading 0 native plugins for Editor in 0.00 ms.
Unloading 1229 Unused Serialized files (Serialized files now loaded: 0)
System memory in use before: 132.6 MB.
System memory in use after: 132.7 MB.

Unloading 4 unused Assets to reduce memory usage. Loaded Objects now: 1710.
Total: 1.504500 ms (FindLiveObjects: 0.149400 ms CreateObjectMapping: 0.024800 ms MarkObjects: 1.316400 ms  DeleteObjects: 0.013100 ms)

========================================================================
Received Import Request.
  Time since last request: 34.281673 seconds.
  path: Assets/Scripts/IResetable.cs
  artifactKey: Guid(11b4b30a3b1e93a4fbd06449fa883612) Importer(815301076,1909f56bfc062723c751e8b465ee728b)
Start importing Assets/Scripts/IResetable.cs using Guid(11b4b30a3b1e93a4fbd06449fa883612) Importer(815301076,1909f56bfc062723c751e8b465ee728b)  -> (artifact id: 'bb0cb382b33b6bd91facadaaed081497') in 0.004005 seconds
  Import took 0.028896 seconds .

========================================================================
Received Import Request.
  Time since last request: 411.720069 seconds.
  path: Assets/Scripts/IResetable.cs
  artifactKey: Guid(11b4b30a3b1e93a4fbd06449fa883612) Importer(815301076,1909f56bfc062723c751e8b465ee728b)
Start importing Assets/Scripts/IResetable.cs using Guid(11b4b30a3b1e93a4fbd06449fa883612) Importer(815301076,1909f56bfc062723c751e8b465ee728b)  -> (artifact id: 'a3d056a9d81db79f40d31be6d6c6ec51') in 0.002343 seconds
  Import took 0.054805 seconds .

========================================================================
Received Import Request.
  Time since last request: 4.137508 seconds.
  path: Assets/Scripts/IPlatformer.cs
  artifactKey: Guid(11b4b30a3b1e93a4fbd06449fa883612) Importer(815301076,1909f56bfc062723c751e8b465ee728b)
Start importing Assets/Scripts/IPlatformer.cs using Guid(11b4b30a3b1e93a4fbd06449fa883612) Importer(815301076,1909f56bfc062723c751e8b465ee728b)  -> (artifact id: '33de4a9e93ac3830d6c8273ed1f2c827') in 0.006454 seconds
  Import took 0.031720 seconds .

========================================================================
Received Import Request.
  Time since last request: 0.928266 seconds.
  path: Assets/Scripts/Movement.cs
  artifactKey: Guid(1affe837f9974e74b92aec9623e5ef06) Importer(815301076,1909f56bfc062723c751e8b465ee728b)
Start importing Assets/Scripts/Movement.cs using Guid(1affe837f9974e74b92aec9623e5ef06) Importer(815301076,1909f56bfc062723c751e8b465ee728b)  -> (artifact id: '39e497ada5913871c30832eaab38f5e7') in 0.005342 seconds
  Import took 0.007074 seconds .

========================================================================
Received Import Request.
  Time since last request: 0.017399 seconds.
  path: Assets/Scripts/Movement.cs
  artifactKey: Guid(1affe837f9974e74b92aec9623e5ef06) Importer(815301076,1909f56bfc062723c751e8b465ee728b)
Start importing Assets/Scripts/Movement.cs using Guid(1affe837f9974e74b92aec9623e5ef06) Importer(815301076,1909f56bfc062723c751e8b465ee728b)  -> (artifact id: '39e497ada5913871c30832eaab38f5e7') in 0.002123 seconds
  Import took 0.004072 seconds .

========================================================================
Received Import Request.
  Time since last request: 532.640368 seconds.
  path: Assets/Scripts/IPlatformer.cs
  artifactKey: Guid(11b4b30a3b1e93a4fbd06449fa883612) Importer(815301076,1909f56bfc062723c751e8b465ee728b)
Start importing Assets/Scripts/IPlatformer.cs using Guid(11b4b30a3b1e93a4fbd06449fa883612) Importer(815301076,1909f56bfc062723c751e8b465ee728b)  -> (artifact id: 'a9cb3c8831690767b235a8612e238b55') in 0.002071 seconds
  Import took 0.124599 seconds .

========================================================================
Received Prepare
Registering precompiled user dll's ...
Registered in 0.000544 seconds.
Begin MonoManager ReloadAssembly
Native extension for WindowsStandalone target not found
Refreshing native plugins compatible for Editor in 0.30 ms, found 0 plugins.
Preloading 0 native plugins for Editor in 0.00 ms.
Invoked RoslynAnalysisRunner static constructor.
RoslynAnalysisRunner will not be running.
RoslynAnalysisRunner has terminated.
Mono: successfully reloaded assembly
- Completed reload, in  0.554 seconds
Platform modules already initialized, skipping
Refreshing native plugins compatible for Editor in 0.31 ms, found 0 plugins.
Preloading 0 native plugins for Editor in 0.00 ms.
Unloading 1229 Unused Serialized files (Serialized files now loaded: 0)
System memory in use before: 132.6 MB.
System memory in use after: 132.8 MB.

Unloading 4 unused Assets to reduce memory usage. Loaded Objects now: 1713.
Total: 1.767400 ms (FindLiveObjects: 0.130700 ms CreateObjectMapping: 0.034300 ms MarkObjects: 1.587700 ms  DeleteObjects: 0.013600 ms)

========================================================================
Received Prepare
Registering precompiled user dll's ...
Registered in 0.000511 seconds.
Begin MonoManager ReloadAssembly
Native extension for WindowsStandalone target not found
Refreshing native plugins compatible for Editor in 0.32 ms, found 0 plugins.
Preloading 0 native plugins for Editor in 0.00 ms.
Invoked RoslynAnalysisRunner static constructor.
RoslynAnalysisRunner will not be running.
RoslynAnalysisRunner has terminated.
Mono: successfully reloaded assembly
- Completed reload, in  0.546 seconds
Platform modules already initialized, skipping
Refreshing native plugins compatible for Editor in 0.30 ms, found 0 plugins.
Preloading 0 native plugins for Editor in 0.00 ms.
Unloading 1228 Unused Serialized files (Serialized files now loaded: 0)
System memory in use before: 132.6 MB.
System memory in use after: 132.7 MB.

Unloading 5 unused Assets to reduce memory usage. Loaded Objects now: 1715.
Total: 2.261600 ms (FindLiveObjects: 0.193900 ms CreateObjectMapping: 0.037900 ms MarkObjects: 2.013600 ms  DeleteObjects: 0.015300 ms)

========================================================================
Received Prepare
Registering precompiled user dll's ...
Registered in 0.000395 seconds.
Begin MonoManager ReloadAssembly
Native extension for WindowsStandalone target not found
Refreshing native plugins compatible for Editor in 0.53 ms, found 0 plugins.
Preloading 0 native plugins for Editor in 0.00 ms.
Invoked RoslynAnalysisRunner static constructor.
RoslynAnalysisRunner will not be running.
RoslynAnalysisRunner has terminated.
Mono: successfully reloaded assembly
- Completed reload, in  0.520 seconds
Platform modules already initialized, skipping
Refreshing native plugins compatible for Editor in 0.49 ms, found 0 plugins.
Preloading 0 native plugins for Editor in 0.00 ms.
Unloading 1228 Unused Serialized files (Serialized files now loaded: 0)
System memory in use before: 132.6 MB.
System memory in use after: 132.7 MB.

Unloading 4 unused Assets to reduce memory usage. Loaded Objects now: 1718.
Total: 2.000900 ms (FindLiveObjects: 0.233200 ms CreateObjectMapping: 0.040700 ms MarkObjects: 1.710900 ms  DeleteObjects: 0.014900 ms)

========================================================================
Received Prepare
Registering precompiled user dll's ...
Registered in 0.000610 seconds.
Begin MonoManager ReloadAssembly
Native extension for WindowsStandalone target not found
Refreshing native plugins compatible for Editor in 0.36 ms, found 0 plugins.
Preloading 0 native plugins for Editor in 0.00 ms.
Invoked RoslynAnalysisRunner static constructor.
RoslynAnalysisRunner will not be running.
RoslynAnalysisRunner has terminated.
Mono: successfully reloaded assembly
- Completed reload, in  0.522 seconds
Platform modules already initialized, skipping
Refreshing native plugins compatible for Editor in 0.34 ms, found 0 plugins.
Preloading 0 native plugins for Editor in 0.00 ms.
Unloading 1228 Unused Serialized files (Serialized files now loaded: 0)
System memory in use before: 132.7 MB.
System memory in use after: 132.8 MB.

Unloading 4 unused Assets to reduce memory usage. Loaded Objects now: 1721.
Total: 1.527700 ms (FindLiveObjects: 0.155100 ms CreateObjectMapping: 0.025500 ms MarkObjects: 1.334200 ms  DeleteObjects: 0.012200 ms)

AssetImportWorkerClient::OnTransportError - code=2 error=End of file
