Using pre-set license
Built from '2020.3/staging' branch; Version is '2020.3.3f1 (76626098c1c4) revision 7758432'; Using compiler version '192528614'; Build Type 'Release'
OS: 'Windows 10 Home; OS build 19041.867; Version 2004; 64bit' Language: 'it' Physical Memory: 16265 MB
BatchMode: 1, IsHumanControllingUs: 0, StartBugReporterOnCrash: 0, Is64bit: 1, IsPro: 0

 COMMAND LINE ARGUMENTS:
B:\UnityHub\2020.3.3f1\Editor\Unity.exe
-adb2
-batchMode
-noUpm
-name
AssetImportWorker1
-projectPath
A:/ProgettiUnityLezioni/PuzzleOnTheRun
-logFile
Logs/AssetImportWorker1.log
-srvPort
49947
Successfully changed project path to: A:/ProgettiUnityLezioni/PuzzleOnTheRun
A:/ProgettiUnityLezioni/PuzzleOnTheRun
Using Asset Import Pipeline V2.
Refreshing native plugins compatible for Editor in 19.92 ms, found 0 plugins.
Preloading 0 native plugins for Editor in 0.00 ms.
Initialize engine version: 2020.3.3f1 (76626098c1c4)
[Subsystems] Discovering subsystems at path B:/UnityHub/2020.3.3f1/Editor/Data/Resources/UnitySubsystems
[Subsystems] Discovering subsystems at path A:/ProgettiUnityLezioni/PuzzleOnTheRun/Assets
GfxDevice: creating device client; threaded=0
Direct3D:
    Version:  Direct3D 11.0 [level 11.1]
    Renderer: NVIDIA GeForce GTX 1060 3GB (ID=0x1c02)
    Vendor:   
    VRAM:     2988 MB
    Driver:   27.21.14.6192
Initialize mono
Mono path[0] = 'B:/UnityHub/2020.3.3f1/Editor/Data/Managed'
Mono path[1] = 'B:/UnityHub/2020.3.3f1/Editor/Data/MonoBleedingEdge/lib/mono/unityjit'
Mono config path = 'B:/UnityHub/2020.3.3f1/Editor/Data/MonoBleedingEdge/etc'
Using monoOptions --debugger-agent=transport=dt_socket,embedding=1,server=y,suspend=n,address=127.0.0.1:56700
Begin MonoManager ReloadAssembly
Registering precompiled unity dll's ...
Register platform support module: B:/UnityHub/2020.3.3f1/Editor/Data/PlaybackEngines/WindowsStandaloneSupport/UnityEditor.WindowsStandalone.Extensions.dll
Registered in 0.000643 seconds.
Native extension for WindowsStandalone target not found
Refreshing native plugins compatible for Editor in 20.16 ms, found 0 plugins.
Preloading 0 native plugins for Editor in 0.00 ms.
Invoked RoslynAnalysisRunner static constructor.
RoslynAnalysisRunner will not be running.
RoslynAnalysisRunner has terminated.
Mono: successfully reloaded assembly
- Completed reload, in  0.949 seconds
Platform modules already initialized, skipping
Registering precompiled user dll's ...
Registered in 0.000460 seconds.
Begin MonoManager ReloadAssembly
Native extension for WindowsStandalone target not found
Refreshing native plugins compatible for Editor in 0.30 ms, found 0 plugins.
Preloading 0 native plugins for Editor in 0.00 ms.
Invoked RoslynAnalysisRunner static constructor.
RoslynAnalysisRunner will not be running.
RoslynAnalysisRunner has terminated.
Mono: successfully reloaded assembly
- Completed reload, in  0.528 seconds
Platform modules already initialized, skipping
========================================================================
Worker process is ready to serve import requests
Launched and connected shader compiler UnityShaderCompiler.exe after 0.06 seconds
Refreshing native plugins compatible for Editor in 0.32 ms, found 0 plugins.
Preloading 0 native plugins for Editor in 0.00 ms.
Unloading 1245 Unused Serialized files (Serialized files now loaded: 0)
System memory in use before: 62.7 MB.
System memory in use after: 62.8 MB.

Unloading 13 unused Assets to reduce memory usage. Loaded Objects now: 1693.
Total: 1.657100 ms (FindLiveObjects: 0.170700 ms CreateObjectMapping: 0.045100 ms MarkObjects: 1.387100 ms  DeleteObjects: 0.053600 ms)

========================================================================
Received Import Request.
  path: Assets/Resources/2DAssets/Other
  artifactKey: Guid(80752aebd06f4184ab2669b00b95a972) Importer(815301076,1909f56bfc062723c751e8b465ee728b)
Start importing Assets/Resources/2DAssets/Other using Guid(80752aebd06f4184ab2669b00b95a972) Importer(815301076,1909f56bfc062723c751e8b465ee728b)  -> (artifact id: '6d939b52869b39ce94a8f0d8219f28cf') in 0.007426 seconds
  Import took 0.009079 seconds .

========================================================================
Received Import Request.
  Time since last request: 2.036771 seconds.
  path: Assets/Resources/2DAssets/Menu
  artifactKey: Guid(46fb922eda2cac04d9827cd268c71429) Importer(815301076,1909f56bfc062723c751e8b465ee728b)
Start importing Assets/Resources/2DAssets/Menu using Guid(46fb922eda2cac04d9827cd268c71429) Importer(815301076,1909f56bfc062723c751e8b465ee728b)  -> (artifact id: '6ab2e74ed5d44b17ff02078f3669ade3') in 0.005608 seconds
  Import took 0.028448 seconds .

========================================================================
Received Import Request.
  Time since last request: 4.260409 seconds.
  path: Assets/Resources/2DAssets/Items
  artifactKey: Guid(e6e73c4ea18d26647a1238c56db2e505) Importer(815301076,1909f56bfc062723c751e8b465ee728b)
Start importing Assets/Resources/2DAssets/Items using Guid(e6e73c4ea18d26647a1238c56db2e505) Importer(815301076,1909f56bfc062723c751e8b465ee728b)  -> (artifact id: 'f3f70a9f0069d065c3301754e53786e4') in 0.004705 seconds
  Import took 0.006582 seconds .

========================================================================
Received Import Request.
  Time since last request: 5.719453 seconds.
  path: Assets/Resources/2DAssets/Items/Checkpoints
  artifactKey: Guid(ff255c614476f0f49ad5e55d446b4ace) Importer(815301076,1909f56bfc062723c751e8b465ee728b)
Start importing Assets/Resources/2DAssets/Items/Checkpoints using Guid(ff255c614476f0f49ad5e55d446b4ace) Importer(815301076,1909f56bfc062723c751e8b465ee728b)  -> (artifact id: '74f39db2d102dc065078021f747bb89c') in 0.005218 seconds
  Import took 0.006938 seconds .

========================================================================
Received Import Request.
  Time since last request: 6.177907 seconds.
  path: Assets/Resources/2DAssets/Items/Checkpoints/Start
  artifactKey: Guid(f8f7d779b722ead429c9476f4759575b) Importer(815301076,1909f56bfc062723c751e8b465ee728b)
Start importing Assets/Resources/2DAssets/Items/Checkpoints/Start using Guid(f8f7d779b722ead429c9476f4759575b) Importer(815301076,1909f56bfc062723c751e8b465ee728b)  -> (artifact id: '13ca026119a707bd5064c160422324f2') in 0.004906 seconds
  Import took 0.006683 seconds .

========================================================================
Received Import Request.
  Time since last request: 0.997372 seconds.
  path: Assets/Resources/2DAssets/Items/Checkpoints/Start/Start (Idle).png
  artifactKey: Guid(0c9c24863b3d2b4468e75829928e81cf) Importer(815301076,1909f56bfc062723c751e8b465ee728b)
Start importing Assets/Resources/2DAssets/Items/Checkpoints/Start/Start (Idle).png using Guid(0c9c24863b3d2b4468e75829928e81cf) Importer(815301076,1909f56bfc062723c751e8b465ee728b)  -> (artifact id: 'da462eeed3dcad6eb14b8ead94b0c66c') in 0.067563 seconds
  Import took 0.069486 seconds .

========================================================================
Received Import Request.
  Time since last request: 0.285212 seconds.
  path: Assets/Resources/2DAssets/Items/Checkpoints/Start/Start (Moving) (64x64).png
  artifactKey: Guid(8f98ace003e1b484eb64e248e11f7425) Importer(815301076,1909f56bfc062723c751e8b465ee728b)
Start importing Assets/Resources/2DAssets/Items/Checkpoints/Start/Start (Moving) (64x64).png using Guid(8f98ace003e1b484eb64e248e11f7425) Importer(815301076,1909f56bfc062723c751e8b465ee728b)  -> (artifact id: '9b34d304f6753acbbddede977daf24c1') in 0.009612 seconds
  Import took 0.021782 seconds .

========================================================================
Received Import Request.
  Time since last request: 21.998442 seconds.
  path: Assets/Resources/2DAssets/Traps/Platforms
  artifactKey: Guid(d0976b7d561391745a6e0901275bc0f7) Importer(815301076,1909f56bfc062723c751e8b465ee728b)
Start importing Assets/Resources/2DAssets/Traps/Platforms using Guid(d0976b7d561391745a6e0901275bc0f7) Importer(815301076,1909f56bfc062723c751e8b465ee728b)  -> (artifact id: '9c7aeeac5933f6c0f6a76a5077946897') in 0.005364 seconds
  Import took 0.037307 seconds .

========================================================================
Received Import Request.
  Time since last request: 1.127966 seconds.
  path: Assets/Resources/2DAssets/Traps/Platforms/Brown Off.png
  artifactKey: Guid(04d3990f78c1f0a40bc869eee5d976a9) Importer(815301076,1909f56bfc062723c751e8b465ee728b)
Start importing Assets/Resources/2DAssets/Traps/Platforms/Brown Off.png using Guid(04d3990f78c1f0a40bc869eee5d976a9) Importer(815301076,1909f56bfc062723c751e8b465ee728b)  -> (artifact id: '560839f88457fe4e1ab5ebf06df51ac8') in 0.008329 seconds
  Import took 0.010304 seconds .

========================================================================
Received Import Request.
  Time since last request: 1.396029 seconds.
  path: Assets/Resources/2DAssets/Traps/Platforms/Brown On (32x8).png
  artifactKey: Guid(f6a9908ca99498e4d8b0ec2cbaf586c4) Importer(815301076,1909f56bfc062723c751e8b465ee728b)
Start importing Assets/Resources/2DAssets/Traps/Platforms/Brown On (32x8).png using Guid(f6a9908ca99498e4d8b0ec2cbaf586c4) Importer(815301076,1909f56bfc062723c751e8b465ee728b)  -> (artifact id: '015d1bded0bda4bb43479501f4a4d574') in 0.008403 seconds
  Import took 0.011032 seconds .

========================================================================
Received Import Request.
  Time since last request: 0.950018 seconds.
  path: Assets/Resources/2DAssets/Traps/Platforms/Grey Off.png
  artifactKey: Guid(f7626f3d8999b4f48a54dd7bb9353194) Importer(815301076,1909f56bfc062723c751e8b465ee728b)
Start importing Assets/Resources/2DAssets/Traps/Platforms/Grey Off.png using Guid(f7626f3d8999b4f48a54dd7bb9353194) Importer(815301076,1909f56bfc062723c751e8b465ee728b)  -> (artifact id: '3604960ee29a384e0cbb468ea5b36414') in 0.007940 seconds
  Import took 0.009871 seconds .

========================================================================
Received Import Request.
  Time since last request: 0.797498 seconds.
  path: Assets/Resources/2DAssets/Traps/Platforms/Grey On (32x8).png
  artifactKey: Guid(02880c5c77b5fbe439b113e2082bc3e5) Importer(815301076,1909f56bfc062723c751e8b465ee728b)
Start importing Assets/Resources/2DAssets/Traps/Platforms/Grey On (32x8).png using Guid(02880c5c77b5fbe439b113e2082bc3e5) Importer(815301076,1909f56bfc062723c751e8b465ee728b)  -> (artifact id: 'ebb9363af26392ac9698baf2a895fa7d') in 0.006841 seconds
  Import took 0.008793 seconds .

========================================================================
Received Import Request.
  Time since last request: 36.191992 seconds.
  path: Assets/Resources/2DAssets/Traps/Platforms/Brown Off.png
  artifactKey: Guid(04d3990f78c1f0a40bc869eee5d976a9) Importer(815301076,1909f56bfc062723c751e8b465ee728b)
Start importing Assets/Resources/2DAssets/Traps/Platforms/Brown Off.png using Guid(04d3990f78c1f0a40bc869eee5d976a9) Importer(815301076,1909f56bfc062723c751e8b465ee728b)  -> (artifact id: '1d6a04993792cc5ba93fa597636f7684') in 0.030439 seconds
  Import took 0.032319 seconds .

========================================================================
Received Import Request.
  Time since last request: 63.533091 seconds.
  path: Assets/Prefabs/Slot.prefab
  artifactKey: Guid(53e3cf4fbaf5c204aba95d314aeb0774) Importer(815301076,1909f56bfc062723c751e8b465ee728b)
Start importing Assets/Prefabs/Slot.prefab using Guid(53e3cf4fbaf5c204aba95d314aeb0774) Importer(815301076,1909f56bfc062723c751e8b465ee728b)  -> (artifact id: '559821b22dbac61e0ba7b5a7095e57fb') in 0.050876 seconds
  Import took 0.053053 seconds .

========================================================================
Received Import Request.
  Time since last request: 5.029232 seconds.
  path: Assets/Prefabs/SlotTrampolino.prefab
  artifactKey: Guid(53e3cf4fbaf5c204aba95d314aeb0774) Importer(815301076,1909f56bfc062723c751e8b465ee728b)
Start importing Assets/Prefabs/SlotTrampolino.prefab using Guid(53e3cf4fbaf5c204aba95d314aeb0774) Importer(815301076,1909f56bfc062723c751e8b465ee728b)  -> (artifact id: '3762c0d1d61e5814d6db85f4a0581450') in 0.023500 seconds
  Import took 0.025497 seconds .

========================================================================
Received Import Request.
  Time since last request: 27.342575 seconds.
  path: Assets/Resources/2DAssets/Traps/Falling Platforms
  artifactKey: Guid(860717b0282ea2446a336d756c0d40ad) Importer(815301076,1909f56bfc062723c751e8b465ee728b)
Start importing Assets/Resources/2DAssets/Traps/Falling Platforms using Guid(860717b0282ea2446a336d756c0d40ad) Importer(815301076,1909f56bfc062723c751e8b465ee728b)  -> (artifact id: '15d5fc912c6737f2190c484ffaf4213f') in 0.005318 seconds
  Import took 0.007078 seconds .

========================================================================
Received Import Request.
  Time since last request: 1.943743 seconds.
  path: Assets/Resources/2DAssets/Traps/Falling Platforms/Off.png
  artifactKey: Guid(277c047c034d998489c8db71b1ef5a74) Importer(815301076,1909f56bfc062723c751e8b465ee728b)
Start importing Assets/Resources/2DAssets/Traps/Falling Platforms/Off.png using Guid(277c047c034d998489c8db71b1ef5a74) Importer(815301076,1909f56bfc062723c751e8b465ee728b)  -> (artifact id: 'ac2dde090e291c7aca71f15f6d957cba') in 0.007983 seconds
  Import took 0.009758 seconds .

========================================================================
Received Import Request.
  Time since last request: 13.879890 seconds.
  path: Assets/Resources/2DAssets/Traps/Falling Platforms/Off.png
  artifactKey: Guid(277c047c034d998489c8db71b1ef5a74) Importer(815301076,1909f56bfc062723c751e8b465ee728b)
Start importing Assets/Resources/2DAssets/Traps/Falling Platforms/Off.png using Guid(277c047c034d998489c8db71b1ef5a74) Importer(815301076,1909f56bfc062723c751e8b465ee728b)  -> (artifact id: '6aaa57c4222fed99d68db0b0d81edb14') in 0.008492 seconds
  Import took 0.010354 seconds .

========================================================================
Received Import Request.
  Time since last request: 61.313795 seconds.
  path: Assets/Prefabs/SlotStop.prefab
  artifactKey: Guid(53e3cf4fbaf5c204aba95d314aeb0774) Importer(815301076,1909f56bfc062723c751e8b465ee728b)
Start importing Assets/Prefabs/SlotStop.prefab using Guid(53e3cf4fbaf5c204aba95d314aeb0774) Importer(815301076,1909f56bfc062723c751e8b465ee728b)  -> (artifact id: '81a62f67a4a9a8f2290198ada124afe9') in 0.018042 seconds
  Import took 0.020369 seconds .

========================================================================
Received Import Request.
  Time since last request: 146.858944 seconds.
  path: Assets/Prefabs
  artifactKey: Guid(823c2723e3f655444bcf864c605dbc9c) Importer(815301076,1909f56bfc062723c751e8b465ee728b)
Start importing Assets/Prefabs using Guid(823c2723e3f655444bcf864c605dbc9c) Importer(815301076,1909f56bfc062723c751e8b465ee728b)  -> (artifact id: '3b3244680f51e5024b12d609b50ad989') in 0.004644 seconds
  Import took 0.032079 seconds .

========================================================================
Received Import Request.
  Time since last request: 17.097143 seconds.
  path: Assets/Prefabs/UI.prefab
  artifactKey: Guid(6426f2c005af36f4e99a3c08d1184527) Importer(815301076,1909f56bfc062723c751e8b465ee728b)
Start importing Assets/Prefabs/UI.prefab using Guid(6426f2c005af36f4e99a3c08d1184527) Importer(815301076,1909f56bfc062723c751e8b465ee728b)  -> (artifact id: 'dc39af500d7d86bd10aa4b27c9d247b8') in 0.020833 seconds
  Import took 0.022815 seconds .

========================================================================
Received Prepare
Registering precompiled user dll's ...
Registered in 0.000381 seconds.
Begin MonoManager ReloadAssembly
Native extension for WindowsStandalone target not found
Refreshing native plugins compatible for Editor in 0.29 ms, found 0 plugins.
Preloading 0 native plugins for Editor in 0.00 ms.
Invoked RoslynAnalysisRunner static constructor.
RoslynAnalysisRunner will not be running.
RoslynAnalysisRunner has terminated.
Mono: successfully reloaded assembly
- Completed reload, in  0.488 seconds
Platform modules already initialized, skipping
Refreshing native plugins compatible for Editor in 0.19 ms, found 0 plugins.
Preloading 0 native plugins for Editor in 0.00 ms.
Unloading 1226 Unused Serialized files (Serialized files now loaded: 0)
System memory in use before: 64.4 MB.
System memory in use after: 64.5 MB.

Unloading 4 unused Assets to reduce memory usage. Loaded Objects now: 1707.
Total: 1.405000 ms (FindLiveObjects: 0.109000 ms CreateObjectMapping: 0.030500 ms MarkObjects: 1.253300 ms  DeleteObjects: 0.011500 ms)

========================================================================
Received Import Request.
  Time since last request: 124.186699 seconds.
  path: Assets/Prefabs/PlatformSlot.prefab
  artifactKey: Guid(637ae6e00f541f54885bae00920ef807) Importer(815301076,1909f56bfc062723c751e8b465ee728b)
Start importing Assets/Prefabs/PlatformSlot.prefab using Guid(637ae6e00f541f54885bae00920ef807) Importer(815301076,1909f56bfc062723c751e8b465ee728b)  -> (artifact id: 'a4caa14d0ebc1361530e57073f6f29cb') in 0.052155 seconds
  Import took 0.054456 seconds .

========================================================================
Received Import Request.
  Time since last request: 10.039481 seconds.
  path: Assets/Prefabs/SlotsPrefab
  artifactKey: Guid(96885b5ee46cec743b8c2ebda5025b90) Importer(815301076,1909f56bfc062723c751e8b465ee728b)
Start importing Assets/Prefabs/SlotsPrefab using Guid(96885b5ee46cec743b8c2ebda5025b90) Importer(815301076,1909f56bfc062723c751e8b465ee728b)  -> (artifact id: 'cd9cf31fb608638a266d5f7c16994e53') in 0.005411 seconds
  Import took 0.007233 seconds .

========================================================================
Received Import Request.
  Time since last request: 13.318094 seconds.
  path: Assets/Prefabs/SlotsPrefab/TrampolinoSlot.prefab
  artifactKey: Guid(ca4f804671fd36f49ab28cfb2da3e579) Importer(815301076,1909f56bfc062723c751e8b465ee728b)
Start importing Assets/Prefabs/SlotsPrefab/TrampolinoSlot.prefab using Guid(ca4f804671fd36f49ab28cfb2da3e579) Importer(815301076,1909f56bfc062723c751e8b465ee728b)  -> (artifact id: '32bb0a3b97ae9efc25718ceda3c26444') in 0.019343 seconds
  Import took 0.040897 seconds .

========================================================================
Received Prepare
Registering precompiled user dll's ...
Registered in 0.000411 seconds.
Begin MonoManager ReloadAssembly
Native extension for WindowsStandalone target not found
Refreshing native plugins compatible for Editor in 0.29 ms, found 0 plugins.
Preloading 0 native plugins for Editor in 0.00 ms.
Invoked RoslynAnalysisRunner static constructor.
RoslynAnalysisRunner will not be running.
RoslynAnalysisRunner has terminated.
Mono: successfully reloaded assembly
- Completed reload, in  0.489 seconds
Platform modules already initialized, skipping
Refreshing native plugins compatible for Editor in 0.25 ms, found 0 plugins.
Preloading 0 native plugins for Editor in 0.00 ms.
Unloading 1226 Unused Serialized files (Serialized files now loaded: 0)
System memory in use before: 64.4 MB.
System memory in use after: 64.5 MB.

Unloading 4 unused Assets to reduce memory usage. Loaded Objects now: 1710.
Total: 1.366200 ms (FindLiveObjects: 0.111300 ms CreateObjectMapping: 0.024800 ms MarkObjects: 1.218600 ms  DeleteObjects: 0.011000 ms)

========================================================================
Received Prepare
Registering precompiled user dll's ...
Registered in 0.000496 seconds.
Begin MonoManager ReloadAssembly
Native extension for WindowsStandalone target not found
Refreshing native plugins compatible for Editor in 0.34 ms, found 0 plugins.
Preloading 0 native plugins for Editor in 0.00 ms.
Invoked RoslynAnalysisRunner static constructor.
RoslynAnalysisRunner will not be running.
RoslynAnalysisRunner has terminated.
Mono: successfully reloaded assembly
- Completed reload, in  0.548 seconds
Platform modules already initialized, skipping
Refreshing native plugins compatible for Editor in 0.30 ms, found 0 plugins.
Preloading 0 native plugins for Editor in 0.00 ms.
Unloading 1226 Unused Serialized files (Serialized files now loaded: 0)
System memory in use before: 64.4 MB.
System memory in use after: 64.5 MB.

Unloading 4 unused Assets to reduce memory usage. Loaded Objects now: 1713.
Total: 1.618000 ms (FindLiveObjects: 0.147700 ms CreateObjectMapping: 0.031300 ms MarkObjects: 1.425400 ms  DeleteObjects: 0.013200 ms)

========================================================================
Received Prepare
Registering precompiled user dll's ...
Registered in 0.000412 seconds.
Begin MonoManager ReloadAssembly
Native extension for WindowsStandalone target not found
Refreshing native plugins compatible for Editor in 0.29 ms, found 0 plugins.
Preloading 0 native plugins for Editor in 0.00 ms.
Invoked RoslynAnalysisRunner static constructor.
RoslynAnalysisRunner will not be running.
RoslynAnalysisRunner has terminated.
Mono: successfully reloaded assembly
- Completed reload, in  0.498 seconds
Platform modules already initialized, skipping
Refreshing native plugins compatible for Editor in 0.24 ms, found 0 plugins.
Preloading 0 native plugins for Editor in 0.00 ms.
Unloading 1226 Unused Serialized files (Serialized files now loaded: 0)
System memory in use before: 64.4 MB.
System memory in use after: 64.5 MB.

Unloading 4 unused Assets to reduce memory usage. Loaded Objects now: 1716.
Total: 1.520500 ms (FindLiveObjects: 0.148600 ms CreateObjectMapping: 0.028000 ms MarkObjects: 1.331300 ms  DeleteObjects: 0.012100 ms)

========================================================================
Received Import Request.
  Time since last request: 335.875944 seconds.
  path: Assets/Resources/2DAssets/Traps/Platforms/Brown Off.png
  artifactKey: Guid(04d3990f78c1f0a40bc869eee5d976a9) Importer(815301076,1909f56bfc062723c751e8b465ee728b)
Start importing Assets/Resources/2DAssets/Traps/Platforms/Brown Off.png using Guid(04d3990f78c1f0a40bc869eee5d976a9) Importer(815301076,1909f56bfc062723c751e8b465ee728b)  -> (artifact id: 'ef963ab28b46ddc166d27fd0412ad662') in 0.037654 seconds
  Import took 0.050082 seconds .

========================================================================
Received Import Request.
  Time since last request: 11.661555 seconds.
  path: Assets/Resources/2DAssets/Traps/Falling Platforms/Off.png
  artifactKey: Guid(277c047c034d998489c8db71b1ef5a74) Importer(815301076,1909f56bfc062723c751e8b465ee728b)
Start importing Assets/Resources/2DAssets/Traps/Falling Platforms/Off.png using Guid(277c047c034d998489c8db71b1ef5a74) Importer(815301076,1909f56bfc062723c751e8b465ee728b)  -> (artifact id: 'de68bd64642525c71e0d826f6bbc81e7') in 0.009277 seconds
  Import took 0.011077 seconds .

========================================================================
Received Prepare
Registering precompiled user dll's ...
Registered in 0.000487 seconds.
Begin MonoManager ReloadAssembly
Native extension for WindowsStandalone target not found
Refreshing native plugins compatible for Editor in 0.30 ms, found 0 plugins.
Preloading 0 native plugins for Editor in 0.00 ms.
Invoked RoslynAnalysisRunner static constructor.
RoslynAnalysisRunner will not be running.
RoslynAnalysisRunner has terminated.
Mono: successfully reloaded assembly
- Completed reload, in  0.489 seconds
Platform modules already initialized, skipping
Refreshing native plugins compatible for Editor in 0.23 ms, found 0 plugins.
Preloading 0 native plugins for Editor in 0.00 ms.
Unloading 1226 Unused Serialized files (Serialized files now loaded: 0)
System memory in use before: 64.4 MB.
System memory in use after: 64.5 MB.

Unloading 4 unused Assets to reduce memory usage. Loaded Objects now: 1720.
Total: 1.364200 ms (FindLiveObjects: 0.106400 ms CreateObjectMapping: 0.027700 ms MarkObjects: 1.217800 ms  DeleteObjects: 0.011500 ms)

========================================================================
Received Prepare
Registering precompiled user dll's ...
Registered in 0.000451 seconds.
Begin MonoManager ReloadAssembly
Native extension for WindowsStandalone target not found
Refreshing native plugins compatible for Editor in 0.30 ms, found 0 plugins.
Preloading 0 native plugins for Editor in 0.00 ms.
Invoked RoslynAnalysisRunner static constructor.
RoslynAnalysisRunner will not be running.
RoslynAnalysisRunner has terminated.
Mono: successfully reloaded assembly
- Completed reload, in  0.522 seconds
Platform modules already initialized, skipping
Refreshing native plugins compatible for Editor in 0.21 ms, found 0 plugins.
Preloading 0 native plugins for Editor in 0.00 ms.
Unloading 1226 Unused Serialized files (Serialized files now loaded: 0)
System memory in use before: 64.4 MB.
System memory in use after: 64.5 MB.

Unloading 4 unused Assets to reduce memory usage. Loaded Objects now: 1723.
Total: 1.449600 ms (FindLiveObjects: 0.145400 ms CreateObjectMapping: 0.034300 ms MarkObjects: 1.257800 ms  DeleteObjects: 0.011400 ms)

